2026-3-23 19:23:01 - log: Load engine in E:\cocos\editors\Creator\3.8.4\resources\resources\3d\engine
2026-3-23 19:23:02 - log: Profile changed: engine (modules.includeModules: 2d,animation,audio,base,custom-pipeline,dragon-bones,gfx-webgl,gfx-webgl2,intersection-2d,particle-2d,physics-2d-box2d,profiler,spine,tiled-map,tween,ui,video,webview)
2026-3-23 19:23:02 - log: Register native engine in E:\cocos\editors\Creator\3.8.4\resources\resources\3d\engine\native
2026-3-23 19:23:03 - log: Request namespace: device-list
2026-3-23 19:23:13 - log: [Scene] meshopt wasm decoder initialized
2026-3-23 19:23:13 - log: [Scene] [box2d]:box2d wasm lib loaded.
2026-3-23 19:23:13 - log: [Scene] [bullet]:bullet wasm lib loaded.
2026-3-23 19:23:13 - log: [Scene] [PHYSICS]: using builtin.
2026-3-23 19:23:13 - log: [Scene] Cocos Creator v3.8.4
2026-3-23 19:23:13 - log: [Scene] Using custom pipeline: Builtin
2026-3-23 19:23:14 - log: [Scene] [PHYSICS2D]: switch from box2d-wasm to box2d.
2026-3-24 16:18:46 - info: [Window] Download the Vue Devtools extension for a better development experience:
https://github.com/vuejs/vue-devtools
2026-3-24 16:18:46 - info: [Window] You are running Vue in development mode.
Make sure to turn on production mode when deploying for production.
See more tips at https://vuejs.org/guide/deployment.html
2026-3-24 16:26:03 - info: [Window] Download the Vue Devtools extension for a better development experience:
https://github.com/vuejs/vue-devtools
2026-3-24 16:26:03 - info: [Window] You are running Vue in development mode.
Make sure to turn on production mode when deploying for production.
See more tips at https://vuejs.org/guide/deployment.html
2026-3-24 16:40:29 - info: [Window] Download the Vue Devtools extension for a better development experience:
https://github.com/vuejs/vue-devtools
2026-3-24 16:40:29 - info: [Window] You are running Vue in development mode.
Make sure to turn on production mode when deploying for production.
See more tips at https://vuejs.org/guide/deployment.html
2026-3-25 15:35:55 - log: web-mobile 构建模板生成成功！({link(E:\cocos\cardDemo\build-templates\web-mobile)})
2026-3-25 15:36:43 - log: web-mobile 构建模板生成成功！({link(E:\cocos\cardDemo\build-templates\web-mobile)})
2026-3-25 15:36:58 - info: [Window] Download the Vue Devtools extension for a better development experience:
https://github.com/vuejs/vue-devtools
2026-3-25 15:36:58 - info: [Window] You are running Vue in development mode.
Make sure to turn on production mode when deploying for production.
See more tips at https://vuejs.org/guide/deployment.html
2026-3-26 17:42:35 - error: ENOENT: no such file or directory, open 'C:\Users\4399-5080\AppData\Local\Temp\eabc9197-ed14-49e0-b3f5-d01081c4d2da.tmp.map'Error: ENOENT: no such file or directory, open 'C:\Users\4399-5080\AppData\Local\Temp\eabc9197-ed14-49e0-b3f5-d01081c4d2da.tmp.map'
2026-3-27 14:32:21 - info: [Window] Download the Vue Devtools extension for a better development experience:
https://github.com/vuejs/vue-devtools
2026-3-27 14:32:21 - info: [Window] You are running Vue in development mode.
Make sure to turn on production mode when deploying for production.
See more tips at https://vuejs.org/guide/deployment.html
2026-3-27 17:07:09 - info: [Window] Download the Vue Devtools extension for a better development experience:
https://github.com/vuejs/vue-devtools
2026-3-27 17:07:09 - info: [Window] You are running Vue in development mode.
Make sure to turn on production mode when deploying for production.
See more tips at https://vuejs.org/guide/deployment.html
