2026-3-23 16:12:52-debug: start **** info
2026-3-23 16:12:52-log: Cannot access game frame or container.
2026-3-23 16:12:53-debug: asset-db:require-engine-code (1157ms)
2026-3-23 16:12:53-log: meshopt wasm decoder initialized
2026-3-23 16:12:53-log: [box2d]:box2d wasm lib loaded.
2026-3-23 16:12:53-log: [bullet]:bullet wasm lib loaded.
2026-3-23 16:12:53-log: Cocos Creator v3.8.4
2026-3-23 16:12:53-log: Using legacy pipeline
2026-3-23 16:12:53-log: Forward render pipeline initialized.
2026-3-23 16:12:53-debug: [Assets Memory track]: asset-db:worker-init: initEngine start:27.88MB, end 81.31MB, increase: 53.42MB
2026-3-23 16:12:54-debug: [Assets Memory track]: asset-db-plugin-register: programming start:82.08MB, end 85.13MB, increase: 3.04MB
2026-3-23 16:12:55-debug: [Assets Memory track]: asset-db-plugin-register: project start:81.96MB, end 172.78MB, increase: 90.82MB
2026-3-23 16:12:55-debug: [Assets Memory track]: asset-db-plugin-register: builder start:85.16MB, end 169.51MB, increase: 84.35MB
2026-3-23 16:12:55-debug: [Assets Memory track]: asset-db-plugin-register: engine-extends start:169.73MB, end 172.71MB, increase: 2.99MB
2026-3-23 16:12:55-debug: [Assets Memory track]: asset-db:worker-init: initPlugin start:81.33MB, end 172.81MB, increase: 91.49MB
2026-3-23 16:12:55-debug: asset-db:worker-init: initPlugin (1684ms)
2026-3-23 16:12:55-debug: [Assets Memory track]: asset-db:worker-init start:27.88MB, end 172.90MB, increase: 145.03MB
2026-3-23 16:12:55-debug: Run asset db hook programming:beforePreStart ...
2026-3-23 16:12:55-debug: Run asset db hook engine-extends:beforePreStart ...
2026-3-23 16:12:55-debug: Run asset db hook engine-extends:beforePreStart success!
2026-3-23 16:12:55-debug: Run asset db hook programming:beforePreStart success!
2026-3-23 16:12:55-debug: asset-db:worker-init (3489ms)
2026-3-23 16:12:55-debug: asset-db-hook-programming-beforePreStart (121ms)
2026-3-23 16:12:55-debug: asset-db-hook-engine-extends-beforePreStart (120ms)
2026-3-23 16:12:55-debug: Preimport db internal success
2026-3-23 16:12:55-debug: Run asset db hook programming:afterPreStart ...
2026-3-23 16:12:55-debug: Preimport db assets success
2026-3-23 16:12:55-debug: starting packer-driver...
2026-3-23 16:12:56-debug: initialize scripting environment...
2026-3-23 16:12:56-debug: Set detail map pack:///resolution-detail-map.json: {}
2026-3-23 16:12:56-debug: Run asset db hook programming:afterPreStart success!
2026-3-23 16:12:56-debug: Run asset db hook engine-extends:afterPreStart ...
2026-3-23 16:12:56-debug: Run asset db hook engine-extends:afterPreStart success!
2026-3-23 16:12:56-debug: Start up the 'internal' database...
2026-3-23 16:12:56-debug: asset-db-hook-programming-afterPreStart (777ms)
2026-3-23 16:12:56-debug: asset-db:worker-effect-data-processing (343ms)
2026-3-23 16:12:56-debug: asset-db-hook-engine-extends-afterPreStart (343ms)
2026-3-23 16:12:56-debug: [Assets Memory track]: asset-db:worker-startup-database[internal] start:173.01MB, end 186.06MB, increase: 13.05MB
2026-3-23 16:12:56-debug: Start up the 'assets' database...
2026-3-23 16:12:56-debug: asset-db:worker-startup-database[internal] (1021ms)
2026-3-23 16:12:56-debug: [Assets Memory track]: asset-db:worker-startup-database[assets] start:171.81MB, end 186.13MB, increase: 14.32MB
2026-3-23 16:12:56-debug: [Assets Memory track]: asset-db:worker-init: startup start:172.43MB, end 186.15MB, increase: 13.71MB
2026-3-23 16:12:56-debug: lazy register asset handler *
2026-3-23 16:12:56-debug: lazy register asset handler directory
2026-3-23 16:12:56-debug: lazy register asset handler text
2026-3-23 16:12:56-debug: lazy register asset handler json
2026-3-23 16:12:56-debug: lazy register asset handler spine-data
2026-3-23 16:12:56-debug: lazy register asset handler dragonbones-atlas
2026-3-23 16:12:56-debug: lazy register asset handler terrain
2026-3-23 16:12:56-debug: lazy register asset handler dragonbones
2026-3-23 16:12:56-debug: lazy register asset handler javascript
2026-3-23 16:12:56-debug: lazy register asset handler scene
2026-3-23 16:12:56-debug: lazy register asset handler typescript
2026-3-23 16:12:56-debug: lazy register asset handler prefab
2026-3-23 16:12:56-debug: lazy register asset handler sprite-frame
2026-3-23 16:12:56-debug: lazy register asset handler tiled-map
2026-3-23 16:12:56-debug: lazy register asset handler buffer
2026-3-23 16:12:56-debug: lazy register asset handler image
2026-3-23 16:12:56-debug: lazy register asset handler sign-image
2026-3-23 16:12:56-debug: lazy register asset handler alpha-image
2026-3-23 16:12:56-debug: lazy register asset handler texture
2026-3-23 16:12:56-debug: lazy register asset handler texture-cube
2026-3-23 16:12:56-debug: lazy register asset handler erp-texture-cube
2026-3-23 16:12:56-debug: lazy register asset handler texture-cube-face
2026-3-23 16:12:56-debug: lazy register asset handler render-texture
2026-3-23 16:12:56-debug: lazy register asset handler rt-sprite-frame
2026-3-23 16:12:56-debug: lazy register asset handler gltf
2026-3-23 16:12:56-debug: lazy register asset handler gltf-mesh
2026-3-23 16:12:56-debug: lazy register asset handler gltf-skeleton
2026-3-23 16:12:56-debug: lazy register asset handler gltf-animation
2026-3-23 16:12:56-debug: lazy register asset handler gltf-material
2026-3-23 16:12:56-debug: lazy register asset handler gltf-scene
2026-3-23 16:12:56-debug: lazy register asset handler gltf-embeded-image
2026-3-23 16:12:56-debug: lazy register asset handler fbx
2026-3-23 16:12:56-debug: lazy register asset handler material
2026-3-23 16:12:56-debug: lazy register asset handler physics-material
2026-3-23 16:12:56-debug: lazy register asset handler effect
2026-3-23 16:12:56-debug: lazy register asset handler effect-header
2026-3-23 16:12:56-debug: lazy register asset handler audio-clip
2026-3-23 16:12:56-debug: lazy register asset handler animation-clip
2026-3-23 16:12:56-debug: lazy register asset handler animation-graph-variant
2026-3-23 16:12:56-debug: lazy register asset handler animation-graph
2026-3-23 16:12:56-debug: lazy register asset handler animation-mask
2026-3-23 16:12:56-debug: lazy register asset handler ttf-font
2026-3-23 16:12:56-debug: lazy register asset handler bitmap-font
2026-3-23 16:12:56-debug: lazy register asset handler particle
2026-3-23 16:12:56-debug: lazy register asset handler sprite-atlas
2026-3-23 16:12:56-debug: lazy register asset handler auto-atlas
2026-3-23 16:12:56-debug: lazy register asset handler label-atlas
2026-3-23 16:12:56-debug: lazy register asset handler render-stage
2026-3-23 16:12:56-debug: lazy register asset handler render-pipeline
2026-3-23 16:12:56-debug: lazy register asset handler render-flow
2026-3-23 16:12:56-debug: lazy register asset handler instantiation-material
2026-3-23 16:12:56-debug: lazy register asset handler instantiation-mesh
2026-3-23 16:12:56-debug: lazy register asset handler instantiation-skeleton
2026-3-23 16:12:56-debug: lazy register asset handler video-clip
2026-3-23 16:12:56-debug: lazy register asset handler instantiation-animation
2026-3-23 16:12:56-debug: asset-db:worker-startup-database[assets] (908ms)
2026-3-23 16:12:56-debug: asset-db:start-database (1079ms)
2026-3-23 16:12:56-debug: asset-db:ready (7617ms)
2026-3-23 16:12:56-debug: init worker message success
2026-3-23 16:12:56-debug: programming:execute-script (5ms)
2026-3-23 16:12:57-debug: builder:worker-init (541ms)
2026-3-23 16:12:57-debug: [Build Memory track]: builder:worker-init start:184.51MB, end 196.89MB, increase: 12.38MB
2026-3-23 16:13:03-debug: refresh db internal success
2026-3-23 16:13:03-debug: refresh db assets success
2026-3-23 16:13:03-debug: Run asset db hook engine-extends:afterRefresh ...
2026-3-23 16:13:03-debug: Run asset db hook engine-extends:afterRefresh success!
2026-3-23 16:13:03-debug: asset-db:refresh-all-database (122ms)
2026-3-23 16:13:03-debug: asset-db:worker-effect-data-processing (1ms)
2026-3-23 16:13:03-debug: asset-db-hook-engine-extends-afterRefresh (1ms)
2026-3-23 16:13:47-debug: refresh db internal success
2026-3-23 16:13:47-debug: refresh db assets success
2026-3-23 16:13:47-debug: Run asset db hook engine-extends:afterRefresh ...
2026-3-23 16:13:47-debug: Run asset db hook engine-extends:afterRefresh success!
2026-3-23 16:13:47-debug: asset-db:refresh-all-database (106ms)
2026-3-23 16:13:47-debug: asset-db:worker-effect-data-processing (1ms)
2026-3-23 16:13:47-debug: asset-db-hook-engine-extends-afterRefresh (1ms)
2026-3-23 16:14:14-debug: refresh db internal success
2026-3-23 16:14:14-debug: %cImport%c: E:\cocos\cardDemo\assets\srcbackground: #aaff85; color: #000;color: #000;
2026-3-23 16:14:14-debug: Run asset db hook engine-extends:afterRefresh ...
2026-3-23 16:14:14-debug: Run asset db hook engine-extends:afterRefresh success!
2026-3-23 16:14:14-debug: refresh db assets success
2026-3-23 16:14:14-debug: asset-db:refresh-all-database (110ms)
2026-3-23 16:14:14-debug: asset-db-hook-engine-extends-afterRefresh (1ms)
2026-3-23 16:14:24-debug: start refresh asset from E:\cocos\cardDemo\assets\src\MainGame.ts...
2026-3-23 16:14:24-debug: %cImport%c: E:\cocos\cardDemo\assets\src\MainGame.tsbackground: #aaff85; color: #000;color: #000;
2026-3-23 16:14:24-debug: refresh asset E:\cocos\cardDemo\assets\src success
2026-3-23 16:14:24-debug: %cImport%c: E:\cocos\cardDemo\assets\srcbackground: #aaff85; color: #000;color: #000;
2026-3-23 16:14:56-warn: 为更好地打开脚本，请在 {preferences} -> {program} -> {scriptEditor} 里配置打开脚本的应用程序
2026-3-23 16:15:02-debug: refresh db internal success
2026-3-23 16:15:02-debug: Run asset db hook engine-extends:afterRefresh ...
2026-3-23 16:15:02-debug: refresh db assets success
2026-3-23 16:15:02-debug: Run asset db hook engine-extends:afterRefresh success!
2026-3-23 16:15:02-debug: asset-db:refresh-all-database (108ms)
2026-3-23 16:15:02-debug: asset-db-hook-engine-extends-afterRefresh (1ms)
2026-3-23 16:15:06-debug: refresh db internal success
2026-3-23 16:15:06-debug: refresh db assets success
2026-3-23 16:15:06-debug: Run asset db hook engine-extends:afterRefresh ...
2026-3-23 16:15:06-debug: Run asset db hook engine-extends:afterRefresh success!
2026-3-23 16:15:06-debug: asset-db:refresh-all-database (122ms)
2026-3-23 16:15:06-debug: asset-db-hook-engine-extends-afterRefresh (1ms)
2026-3-23 16:15:27-debug: refresh db internal success
2026-3-23 16:15:27-debug: Run asset db hook engine-extends:afterRefresh ...
2026-3-23 16:15:27-debug: refresh db assets success
2026-3-23 16:15:27-debug: Run asset db hook engine-extends:afterRefresh success!
2026-3-23 16:15:27-debug: asset-db:refresh-all-database (119ms)
2026-3-23 16:15:27-debug: asset-db:worker-effect-data-processing (1ms)
2026-3-23 16:15:27-debug: asset-db-hook-engine-extends-afterRefresh (2ms)
